2015-09-20 14:10:50,908 http://www.tv.com/shows/catdog/ 0.42  kb 10        
2015-09-20 14:10:50,923 http://www.amazon.com/CatDog-Season-1-Part-One/dp/B005BUA1JE 1.80  kb 10        
2015-09-20 14:10:51,084 https://en.wikipedia.org/wiki/CatDog 85.56 kb 10        
2015-09-20 14:10:51,390 http://nickelodeon.wikia.com/wiki/CatDog 178.87 kb 10        
2015-09-20 14:10:51,409 http://www.imdb.com/title/tt0154061/ 374.92 kb 10        
2015-09-20 14:10:51,577 http://www.youtube.com/watch?v=n8jKH8EUvHg 505.61 kb 10        
2015-09-20 14:10:51,707 http://www.youtube.com/watch?v=uOrSYkLWkZM 674.07 kb 10        
2015-09-20 14:10:51,713 http://www.youtube.com/watch?v=xfjB2n_VTsg 822.77 kb 10        
2015-09-20 14:10:51,888 http://bookshub.wikia.com/wiki/Books_Hub/ 870.05 kb 0.006600128783
2015-09-20 14:10:51,996 http://comicshub.wikia.com/wiki/Comics_Hub/ 917.13 kb 0.006600128783
2015-09-20 14:10:52,693 http://api.wikia.com/ 968.75 kb 0.006600128783
2015-09-20 14:10:52,720 http://catdog.wikia.com/wiki/ 1022.99 kb 0.006600128783
2015-09-20 14:10:52,766 http://community.wikia.com/ 1120.83 kb 0.006600128783
2015-09-20 14:10:52,986 http://community.wikia.com/wiki/Help:Contents/ 1173.72 kb 0.006600128783
2015-09-20 14:10:53,704 http://de.nickelodeon.wikia.com/wiki/CatDog/ 1222.90 kb 0.006600128783
2015-09-20 14:10:53,855 http://gameshub.wikia.com/wiki/Games_Hub/ 1267.10 kb 0.006600128783
2015-09-20 14:10:54,320 http://movieshub.wikia.com/wiki/Movies_Hub/ 1314.02 kb 0.006600128783
2015-09-20 14:10:54,631 http://lifestylehub.wikia.com/wiki/Lifestyle_Hub/ 1361.45 kb 0.006600128783
2015-09-20 14:10:54,928 http://musichub.wikia.com/wiki/Music_Hub/ 1411.28 kb 0.006600128783
2015-09-20 14:10:55,101 http://community.wikia.com/wiki/Special:RandomWiki/339/ 1593.76 kb 0.006600128783
2015-09-20 14:10:55,725 http://nickelodeon.wikia.com/ 1808.14 kb 0.006600128783
2015-09-20 14:10:55,728 http://nickelodeon.wikia.com/wiki/1998/ 1867.08 kb 0.006600128783
2015-09-20 14:10:55,739 http://nickelodeon.wikia.com/wiki/2005/ 1926.01 kb 0.006600128783
2015-09-20 14:10:56,030 http://nickelodeon.wikia.com/wiki/A_Fairly_Odd_Movie:_Grow_Up,_Timmy_Turner!/ 1985.99 kb 0.006600128783
2015-09-20 14:10:56,318 http://nickelodeon.wikia.com/wiki/Aaahh!!!_Real_Monsters/ 2045.42 kb 0.006600128783
2015-09-20 14:10:56,471 http://www.amazon.com/ 2413.56 kb 0.0       
2015-09-20 14:10:56,673 http://nickelodeon.wikia.com/wiki/Aaron_Carter/ 2472.71 kb 0.006600128783
2015-09-20 14:10:56,675 http://nickelodeon.wikia.com/wiki/Aang/ 2531.65 kb 0.006600128783
2015-09-20 14:10:56,705 http://nickelodeon.wikia.com/wiki/All_Grown_Up!/ 2590.83 kb 0.006600128783
2015-09-20 14:10:56,793 http://nickelodeon.wikia.com/wiki/All_That/ 2649.87 kb 0.006600128783
2015-09-20 14:10:56,889 http://nickelodeon.wikia.com/wiki/Amanda_Bynes/ 2709.03 kb 0.006600128783
2015-09-20 14:10:57,083 http://nickelodeon.wikia.com/wiki/As_Told_by_Ginger/ 2768.32 kb 0.006600128783
2015-09-20 14:10:57,320 http://nickelodeon.wikia.com/wiki/Avatar:_The_Last_Airbender/ 2827.86 kb 0.006600128783
2015-09-20 14:10:57,351 http://nickelodeon.wikia.com/wiki/Back_at_the_Barnyard/ 2887.23 kb 0.006600128783
2015-09-20 14:10:57,460 http://nickelodeon.wikia.com/wiki/Big_Show/ 2946.28 kb 0.006600128783
2015-09-20 14:10:57,515 http://nickelodeon.wikia.com/wiki/Bill_Fagerbakke/ 3005.51 kb 0.006600128783
2015-09-20 14:10:57,654 http://nickelodeon.wikia.com/wiki/Billy_West/ 3064.61 kb 0.006600128783
2015-09-20 14:10:58,001 http://nickelodeon.wikia.com/wiki/Blue's_Clues/ 3123.80 kb 0.006600128783
2015-09-20 14:10:58,197 http://nickelodeon.wikia.com/wiki/Carly_Shay/ 3182.90 kb 0.006600128783
2015-09-20 14:10:58,274 http://nickelodeon.wikia.com/wiki/CatDog 3276.21 kb 0.006600128783
2015-09-20 14:10:58,276 http://nickelodeon.wikia.com/wiki/Breadwinners/ 3335.36 kb 0.006600128783
2015-09-20 14:10:58,314 http://nickelodeon.wikia.com/wiki/CatDog_episode_list/ 3394.71 kb 0.006600128783
2015-09-20 14:10:58,329 http://nickelodeon.wikia.com/wiki/Cat/ 3453.62 kb 0.006600128783
2015-09-20 14:10:58,655 http://nickelodeon.wikia.com/wiki/CatDog_videography/ 3512.93 kb 0.006600128783
2015-09-20 14:10:58,694 http://bookshub.wikia.com/wiki/Books_Hub/ 3560.21 kb 0.006600128783
2015-09-20 14:10:58,765 http://comicshub.wikia.com/wiki/Comics_Hub/ 3607.29 kb 0.006600128783
2015-09-20 14:10:58,831 http://api.wikia.com/ 3658.91 kb 0.006600128783
2015-09-20 14:10:58,898 http://nickelodeon.wikia.com/wiki/Category:Actors/ 3719.68 kb 0.006600128783
2015-09-20 14:10:59,093 http://catdog.wikia.com/wiki/ 3773.92 kb 0.006600128783
2015-09-20 14:10:59,297 http://gameshub.wikia.com/wiki/Games_Hub/ 3818.12 kb 0.006600128783
2015-09-20 14:10:59,301 http://community.wikia.com/wiki/Help:Contents/ 3871.02 kb 0.006600128783
2015-09-20 14:10:59,371 http://lifestylehub.wikia.com/wiki/Lifestyle_Hub/ 3918.45 kb 0.006600128783
2015-09-20 14:10:59,402 http://de.nickelodeon.wikia.com/wiki/CatDog/ 3967.63 kb 0.006600128783
2015-09-20 14:10:59,557 http://community.wikia.com/ 4065.46 kb 0.006600128783
2015-09-20 14:10:59,754 http://musichub.wikia.com/wiki/Music_Hub/ 4115.29 kb 0.006600128783
2015-09-20 14:10:59,805 http://community.wikia.com/wiki/Special:RandomWiki/339/ 4232.32 kb 0.006600128783
2015-09-20 14:10:59,874 http://movieshub.wikia.com/wiki/Movies_Hub/ 4279.24 kb 0.006600128783
2015-09-20 14:10:59,891 http://nickelodeon.wikia.com/wiki/2005/ 4338.18 kb 0.006600128783
2015-09-20 14:11:00,122 http://nickelodeon.wikia.com/wiki/1998/ 4397.11 kb 0.006600128783
2015-09-20 14:11:00,232 http://nickelodeon.wikia.com/wiki/Aaahh!!!_Real_Monsters/ 4456.54 kb 0.006600128783
2015-09-20 14:11:00,242 http://nickelodeon.wikia.com/ 4670.25 kb 0.006600128783
2015-09-20 14:11:00,299 http://nickelodeon.wikia.com/wiki/A_Fairly_Odd_Movie:_Grow_Up,_Timmy_Turner!/ 4730.23 kb 0.006600128783
2015-09-20 14:11:00,338 http://nickelodeon.wikia.com/wiki/Aang/ 4789.17 kb 0.006600128783
2015-09-20 14:11:00,532 http://nickelodeon.wikia.com/wiki/Aaron_Carter/ 4848.32 kb 0.006600128783
2015-09-20 14:11:00,537 http://nickelodeon.wikia.com/wiki/All_That/ 4907.37 kb 0.006600128783
2015-09-20 14:11:00,696 http://nickelodeon.wikia.com/wiki/As_Told_by_Ginger/ 4966.66 kb 0.006600128783
2015-09-20 14:11:00,816 http://nickelodeon.wikia.com/wiki/Avatar:_The_Last_Airbender/ 5026.19 kb 0.006600128783
2015-09-20 14:11:00,849 http://nickelodeon.wikia.com/wiki/All_Grown_Up!/ 5085.38 kb 0.006600128783
2015-09-20 14:11:01,042 http://nickelodeon.wikia.com/wiki/Amanda_Bynes/ 5144.53 kb 0.006600128783
2015-09-20 14:11:01,081 http://nickelodeon.wikia.com/wiki/Bill_Fagerbakke/ 5203.77 kb 0.006600128783
2015-09-20 14:11:01,095 http://nickelodeon.wikia.com/wiki/Big_Show/ 5262.81 kb 0.006600128783
2015-09-20 14:11:01,222 http://nickelodeon.wikia.com/wiki/Billy_West/ 5321.91 kb 0.006600128783
2015-09-20 14:11:01,273 http://nickelodeon.wikia.com/wiki/Blue's_Clues/ 5381.10 kb 0.006600128783
2015-09-20 14:11:01,307 http://nickelodeon.wikia.com/wiki/Back_at_the_Barnyard/ 5440.47 kb 0.006600128783
2015-09-20 14:11:01,452 http://nickelodeon.wikia.com/wiki/Carly_Shay/ 5499.57 kb 0.006600128783
2015-09-20 14:11:01,493 http://nickelodeon.wikia.com/wiki/Cat/ 5558.48 kb 0.006600128783
2015-09-20 14:11:01,651 http://nickelodeon.wikia.com/wiki/CatDog 5651.79 kb 0.006600128783
2015-09-20 14:11:01,727 http://nickelodeon.wikia.com/wiki/CatDog_videography/ 5711.11 kb 0.006600128783
2015-09-20 14:11:01,737 http://nickelodeon.wikia.com/wiki/Breadwinners/ 5770.26 kb 0.006600128783
2015-09-20 14:11:01,867 http://nickelodeon.wikia.com/wiki/Category:Actors/ 5831.04 kb 0.006600128783
2015-09-20 14:11:01,921 http://nickelodeon.wikia.com/wiki/CatDog_episode_list/ 5890.38 kb 0.006600128783
2015-09-20 14:11:02,098 http://bookshub.wikia.com/wiki/Books_Hub/ 5937.65 kb 0.006600128783
2015-09-20 14:11:02,236 http://nickelodeon.wikia.com/wiki/Category:Albums/ 5998.43 kb 0.006600128783
2015-09-20 14:11:02,268 http://api.wikia.com/ 6050.05 kb 0.006600128783
2015-09-20 14:11:02,270 http://catdog.wikia.com/wiki/ 6104.29 kb 0.006600128783
2015-09-20 14:11:02,303 http://comicshub.wikia.com/wiki/Comics_Hub/ 6151.37 kb 0.006600128783
2015-09-20 14:11:02,440 http://community.wikia.com/wiki/Help:Contents/ 6204.27 kb 0.006600128783
2015-09-20 14:11:02,483 http://community.wikia.com/ 6302.10 kb 0.006600128783
2015-09-20 14:11:02,540 http://de.nickelodeon.wikia.com/wiki/CatDog/ 6351.28 kb 0.006600128783
2015-09-20 14:11:02,695 http://gameshub.wikia.com/wiki/Games_Hub/ 6395.48 kb 0.006600128783
2015-09-20 14:11:02,858 http://movieshub.wikia.com/wiki/Movies_Hub/ 6442.40 kb 0.006600128783
2015-09-20 14:11:02,891 http://lifestylehub.wikia.com/wiki/Lifestyle_Hub/ 6489.83 kb 0.006600128783
2015-09-20 14:11:02,893 http://musichub.wikia.com/wiki/Music_Hub/ 6539.66 kb 0.006600128783
2015-09-20 14:11:03,173 http://nickelodeon.wikia.com/ 6754.04 kb 0.006600128783
2015-09-20 14:11:03,284 http://nickelodeon.wikia.com/wiki/1998/ 6812.97 kb 0.006600128783
2015-09-20 14:11:03,317 http://nickelodeon.wikia.com/wiki/A_Fairly_Odd_Movie:_Grow_Up,_Timmy_Turner!/ 6872.95 kb 0.006600128783
2015-09-20 14:11:03,404 http://community.wikia.com/wiki/Special:RandomWiki/339/ 6977.06 kb 0.006600128783
2015-09-20 14:11:03,407 http://nickelodeon.wikia.com/wiki/Aaahh!!!_Real_Monsters/ 7036.49 kb 0.006600128783
2015-09-20 14:11:03,415 http://nickelodeon.wikia.com/wiki/2005/ 7095.42 kb 0.006600128783
2015-09-20 14:11:03,796 http://nickelodeon.wikia.com/wiki/All_Grown_Up!/ 7154.61 kb 0.006600128783
2015-09-20 14:11:03,814 http://nickelodeon.wikia.com/wiki/Aang/ 7213.54 kb 0.006600128783
2015-09-20 14:11:03,845 http://nickelodeon.wikia.com/wiki/Aaron_Carter/ 7272.70 kb 0.006600128783
2015-09-20 14:11:03,851 http://nickelodeon.wikia.com/wiki/As_Told_by_Ginger/ 7331.99 kb 0.006600128783
2015-09-20 14:11:03,911 http://nickelodeon.wikia.com/wiki/Amanda_Bynes/ 7391.14 kb 0.006600128783
2015-09-20 14:11:03,971 http://nickelodeon.wikia.com/wiki/All_That/ 7450.19 kb 0.006600128783
2015-09-20 19:13:40,550 http://www.autotrader.com/find/cars-for-sale.xhtml 0.34  kb 10        
2015-09-20 19:13:40,625 http://cars.disney.com/ 248.54 kb 10        
2015-09-20 19:13:40,695 http://www.cnet.com/topics/car-tech/ 365.81 kb 10        
2015-09-20 19:13:40,716 http://www.cars.com/for-sale/ 420.41 kb 10        
2015-09-20 19:13:40,858 http://www.imdb.com/title/tt0317219/ 618.52 kb 10        
2015-09-20 19:13:40,878 https://en.wikipedia.org/wiki/Car 916.93 kb 10        
2015-09-20 19:13:40,905 https://en.wikipedia.org/wiki/Cars_(film) 1156.31 kb 10        
2015-09-20 19:13:41,219 https://www.cars.com/ 1211.78 kb 10        
2015-09-20 19:13:41,466 http://books.disney.com/ 1257.60 kb 0.0160254243018
2015-09-20 19:13:41,502 http://cars.disney.com/cars 1402.72 kb 0.0160254243018
2015-09-20 19:13:41,503 http://ad.doubleclick.net/ddm/clk/289371832;116397107;n 1410.77 kb 0.0112509534706
2015-09-20 19:13:41,508 http://cars.disney.com/cars-2 1551.39 kb 0.0160254243018
2015-09-20 19:13:41,831 http://www.auto.com/ 1589.27 kb 0.027312599681
2015-09-20 19:13:41,921 http://www.repairpal.com/ 1632.40 kb 0.027312599681
2015-09-20 19:13:42,051 http://www.newcars.com/ 1664.42 kb 0.027312599681
2015-09-20 19:13:42,549 http://cars.disney.com/games-activities 1752.00 kb 0.0160254243018
2015-09-20 19:13:42,565 http://www.youtube.com/user/Carscom/ 1835.16 kb 0.027312599681
2015-09-20 19:13:42,925 http://cars.disney.com/galleries 1966.46 kb 0.0160254243018
2015-09-20 19:13:43,009 https://plus.google.com/+CarsDotCom/posts/ 2210.57 kb 0.027312599681
2015-09-20 19:13:43,433 http://www.facebook.com/CarsDotCom/ 2768.43 kb 0.027312599681
2015-09-20 19:13:43,466 https://twitter.com/carsdotcom/ 3035.40 kb 0.027312599681
2015-09-20 19:13:43,885 http://dealers.cars.com/ 3070.30 kb 0.027312599681
2015-09-20 19:31:16,506 http://www.cars.com/for-sale/ 54.59 kb 10        
2015-09-20 19:31:16,601 http://www.cnet.com/topics/car-tech/ 171.86 kb 10        
2015-09-20 19:31:16,679 https://en.wikipedia.org/wiki/Car 470.28 kb 10        
2015-09-20 19:31:16,720 https://en.wikipedia.org/wiki/Cars_(film) 709.66 kb 10        
2015-09-20 19:31:16,805 http://www.imdb.com/title/tt0317219/ 907.83 kb 10        
2015-09-20 19:31:16,985 http://cars.disney.com/ 1156.68 kb 10        
2015-09-20 19:31:17,112 https://www.cars.com/ 1212.15 kb 10        
2015-09-20 19:31:17,235 http://ad.doubleclick.net/ddm/clk/289371832;116397107;n 1220.20 kb 0.0105001909126
2015-09-20 19:31:17,370 http://ad.doubleclick.net/ddm/clk/289383133;116381495;n 1228.25 kb 0.0105001909126
2015-09-20 19:31:17,529 http://cars.disney.com/ 1477.09 kb 0.0158821149177
2015-09-20 19:31:17,682 http://books.disney.com/ 1522.91 kb 0.0158821149177
2015-09-20 19:31:17,705 http://cars.disney.com/cars 1667.74 kb 0.0158821149177
2015-09-20 19:31:18,129 http://cars.sfgate.com/ 1712.57 kb 10        
2015-09-20 19:31:19,605 http://dealers.cars.com/ 1747.46 kb 0.0105001909126
