Failed to Parse Page : 'ascii' codec can't decode byte 0xe2 in position 51: ordinal not in range(128)
Failed to Parse Page : u'\u041a'
Failed to Parse Page : 'ascii' codec can't decode byte 0xc3 in position 46: ordinal not in range(128)
Failed to Parse Page : 'ascii' codec can't decode byte 0xe2 in position 51: ordinal not in range(128)
Failed to Parse Page : 'ascii' codec can't decode byte 0xe2 in position 51: ordinal not in range(128)
Failed to Parse Page : u'\u041a'
Failed to Parse Page : 'ascii' codec can't decode byte 0xc3 in position 46: ordinal not in range(128)
Failed to Parse Page : 'ascii' codec can't decode byte 0xe2 in position 26: ordinal not in range(128)
Failed to Parse Page : 'ascii' codec can't decode byte 0xc3 in position 46: ordinal not in range(128)
Failed to Parse Page : 'ascii' codec can't decode byte 0xc3 in position 10: ordinal not in range(128)
Failed to Parse Page : u'\xe9'
Failed to Parse Page : u'\xee'
Failed to Parse Page : u'\xe9'
Failed to Parse Page : 'ascii' codec can't decode byte 0xc3 in position 24: ordinal not in range(128)
Failed to Parse Page : u'\xe1'
Failed to Parse Page : u'\xe9'
Failed to Parse Page : u'\xe9'
Failed to Parse Page : u'\xe1'
Failed to Parse Page : u'\xe1'
Failed to Parse Page : u'\xed'
Failed to Parse Page : u'\u12a5'
Failed to Parse Page : u'\u0113'
Failed to Parse Page : u'\xe9'
Failed to Parse Page : u'\u2013'
Failed to Parse Page : u'\xf3'
Failed to Parse Page : u'\xe9'
Failed to Parse Page : u'\xed'
Failed to Parse Page : u'\xf3'
Failed to Parse Page : u'\u0423'
Failed to Parse Page : u'\u0648'
Failed to Parse Page : u'\xe6'
Failed to Parse Page : u'\xe4'
Failed to Parse Page : u'\u0648'
Failed to Parse Page : u'\u0648'
Failed to Parse Page : u'\xe6'
Failed to Parse Page : u'\xe9'
Failed to Parse Page : u'\u2013'
Failed to Parse Page : u'\u0648'
Failed to Parse Page : u'\xe9'
Failed to Parse Page : u'\u0648'
Failed to Parse Page : u'\xc5'
Failed to Parse Page : u'\xeb'
Failed to Parse Page : u'\xc6'
Failed to Parse Page : u'\u09b8'
Failed to Parse Page : u'\u0142'
Failed to Parse Page : u'\u0e40'
Failed to Parse Page : u'\u0648'
Failed to Parse Page : u'\u0648'
Failed to Parse Page : u'\u0648'
Failed to Parse Page : u'\xed'
Failed to Parse Page : u'\xe6'
Failed to Parse Page : 'ascii' codec can't decode byte 0xe2 in position 0: ordinal not in range(128)
Failed to Parse Page : u'\xe6'
Failed to Parse Page : 'ascii' codec can't decode byte 0xe2 in position 0: ordinal not in range(128)
Failed to Parse Page : u'\u0142'
Failed to Parse Page : u'\u2019'
Failed to Parse Page : u'\xe2'
Failed to Parse Page : u'\xf6'
Failed to Parse Page : u'\u02d0'
Failed to Parse Page : u'\xe1'
Failed to Parse Page : u'\xe4'
Failed to Parse Page : u'\u0254'
Failed to Parse Page : u'\u0645'
Failed to Parse Page : u'\u015b'
Failed to Parse Page : u'\xe9'
Failed to Parse Page : u'\u3068'
Failed to Parse Page : u'\u2013'
Failed to Parse Page : u'\u2019'
Failed to Parse Page : u'\u043a'
Failed to Parse Page : u'\xdc'
Failed to Parse Page : 'ascii' codec can't decode byte 0xe2 in position 0: ordinal not in range(128)
Failed to Parse Page : 'ascii' codec can't decode byte 0xe2 in position 15: ordinal not in range(128)
Failed to Parse Page : 'ascii' codec can't decode byte 0xe2 in position 27: ordinal not in range(128)
Failed to Parse Page : u'\xae'
Failed to Parse Page : u'\u0418'
Failed to Parse Page : 'ascii' codec can't decode byte 0xd9 in position 0: ordinal not in range(128)
Failed to Parse Page : u'\u12a5'
Failed to Parse Page : u'\u0648'
Failed to Parse Page : 'ascii' codec can't decode byte 0xc4 in position 5: ordinal not in range(128)
Failed to Parse Page : u'\xe0'
Failed to Parse Page : 'ascii' codec can't decode byte 0xe2 in position 0: ordinal not in range(128)
Failed to Parse Page : u'\u0418'
Failed to Parse Page : 'ascii' codec can't decode byte 0xe2 in position 0: ordinal not in range(128)
Failed to Parse Page : u'\u0648'
Failed to Parse Page : u'\u0424'
Failed to Parse Page : u'\u0113'
Failed to Parse Page : u'\u062a'
Failed to Parse Page : u'\xe9'
Failed to Parse Page : u'\xed'
Failed to Parse Page : u'\u0639'
Failed to Parse Page : u'\u1285'
Failed to Parse Page : u'\xe1'
Failed to Parse Page : u'\xf3'
Failed to Parse Page : u'\u0628'
Failed to Parse Page : u'\u0648'
Failed to Parse Page : u'\u09b8'
Failed to Parse Page : u'\xf1'
Failed to Parse Page : u'\xe6'
Failed to Parse Page : u'\xfc'
Failed to Parse Page : u'\xe6'
Failed to Parse Page : u'\xe6'
Failed to Parse Page : u'\xe6'
Failed to Parse Page : u'\xe6'
Failed to Parse Page : u'\xe6'
Failed to Parse Page : u'\xe6'
Failed to Parse Page : u'\xe6'
Failed to Parse Page : u'\xe6'
Failed to Parse Page : u'\xe6'
Failed to Parse Page : u'\xe6'
Failed to Parse Page : u'\xe6'
Failed to Parse Page : u'\xe6'
Failed to Parse Page : u'\xe6'
Failed to Parse Page : u'\xf1'
Failed to Parse Page : u'\xe9'
Failed to Parse Page : u'\u0113'
Failed to Parse Page : u'\xe9'
Failed to Parse Page : u'\xe6'
Failed to Parse Page : u'\xe9'
Failed to Parse Page : u'\xe6'
Failed to Parse Page : u'\u2019'
Failed to Parse Page : u'\xe8'
Failed to Parse Page : u'\xe9'
Failed to Parse Page : u'\u01c3'
Failed to Parse Page : u'\xe8'
Failed to Parse Page : u'\xf3'
Failed to Parse Page : u'\xf3'
Failed to Parse Page : u'\xfc'
Failed to Parse Page : u'\u0648'
Failed to Parse Page : u'\u0648'
Failed to Parse Page : u'\xed'
Failed to Parse Page : u'\xe7'
Failed to Parse Page : u'\xed'
Failed to Parse Page : u'\u0648'
Failed to Parse Page : u'\xfc'
Failed to Parse Page : u'\u30a6'
Failed to Parse Page : u'\u0648'
Failed to Parse Page : u'\u0648'
Failed to Parse Page : u'\u0648'
Failed to Parse Page : u'\xeb'
Failed to Parse Page : u'\u0627'
Failed to Parse Page : u'\xf2'
Failed to Parse Page : u'\u0627'
Failed to Parse Page : u'\u039a'
Failed to Parse Page : 'ascii' codec can't decode byte 0xe2 in position 18: ordinal not in range(128)
Failed to Parse Page : 'ascii' codec can't decode byte 0xe2 in position 22: ordinal not in range(128)
Failed to Parse Page : u'\u4e2d'
Failed to Parse Page : 'ascii' codec can't decode byte 0xe2 in position 62: ordinal not in range(128)
Failed to Parse Page : 'ascii' codec can't decode byte 0xc2 in position 107: ordinal not in range(128)
Failed to Parse Page : 'ascii' codec can't decode byte 0xc2 in position 32: ordinal not in range(128)
Failed to Parse Page : u'\u2013'
Failed to Parse Page : 'ascii' codec can't decode byte 0xe2 in position 11: ordinal not in range(128)
Failed to Parse Page : 'ascii' codec can't decode byte 0xc3 in position 46: ordinal not in range(128)
Failed to Parse Page : 'ascii' codec can't decode byte 0xe2 in position 15: ordinal not in range(128)
Problem Fetching URL : float division by zero
Failed to Parse Page : 'ascii' codec can't decode byte 0xc3 in position 46: ordinal not in range(128)
Problem Fetching URL : float division by zero
Failed to Parse Page : 'ascii' codec can't decode byte 0xc3 in position 10: ordinal not in range(128)
Problem Fetching URL : float division by zero
Problem Fetching URL : float division by zero
Problem Fetching URL : float division by zero
Problem Fetching URL : float division by zero
Problem Fetching URL : float division by zero
Failed to Parse Page : 'ascii' codec can't decode byte 0xc2 in position 0: ordinal not in range(128)
Failed to Parse Page : u'\xe8'
Failed to Parse Page : 'ascii' codec can't decode byte 0xc3 in position 4: ordinal not in range(128)
Failed to Parse Page : 'ascii' codec can't decode byte 0xc3 in position 4: ordinal not in range(128)
Failed to Parse Page : 'ascii' codec can't decode byte 0xc3 in position 4: ordinal not in range(128)
Failed to Parse Page : 'ascii' codec can't decode byte 0xc3 in position 32: ordinal not in range(128)
Failed to Parse Page : 'ascii' codec can't decode byte 0xc3 in position 29: ordinal not in range(128)
Failed to Parse Page : 'ascii' codec can't decode byte 0xc3 in position 17: ordinal not in range(128)
Failed to Parse Page : 'ascii' codec can't decode byte 0xc3 in position 32: ordinal not in range(128)
Failed to Parse Page : 'ascii' codec can't decode byte 0xc3 in position 17: ordinal not in range(128)
Failed to Parse Page : 'ascii' codec can't decode byte 0xc3 in position 29: ordinal not in range(128)
Failed to Parse Page : u'\u0131'
Failed to Parse Page : u'\xe0'
Failed to Parse Page : u'\u0131'
Failed to Parse Page : u'\u0131'
Failed to Parse Page : 'ascii' codec can't decode byte 0xc3 in position 15: ordinal not in range(128)
Failed to Parse Page : 'ascii' codec can't decode byte 0xc3 in position 15: ordinal not in range(128)
Failed to Parse Page : 'ascii' codec can't decode byte 0xc3 in position 15: ordinal not in range(128)
Failed to Parse Page : 'ascii' codec can't decode byte 0xc3 in position 15: ordinal not in range(128)
Failed to Parse Page : 'ascii' codec can't decode byte 0xc3 in position 4: ordinal not in range(128)
Failed to Parse Page : 'ascii' codec can't decode byte 0xc3 in position 4: ordinal not in range(128)
Failed to Parse Page : 'ascii' codec can't decode byte 0xc3 in position 4: ordinal not in range(128)
Failed to Parse Page : 'ascii' codec can't decode byte 0xc2 in position 18: ordinal not in range(128)
Problem Fetching URL : [Errno socket error] [Errno 8] nodename nor servname provided, or not known
Problem Fetching URL : [Errno socket error] [Errno 8] nodename nor servname provided, or not known
Problem Fetching URL : [Errno socket error] [Errno 8] nodename nor servname provided, or not known
Problem Fetching URL : [Errno socket error] [Errno 8] nodename nor servname provided, or not known
Problem Fetching URL : [Errno socket error] [Errno 8] nodename nor servname provided, or not known
Problem Fetching URL : [Errno socket error] [Errno 8] nodename nor servname provided, or not known
Problem Fetching URL : [Errno socket error] [Errno 8] nodename nor servname provided, or not known
Problem Fetching URL : [Errno ftp error] 550 Failed to change directory.
Problem Fetching URL : [Errno socket error] [Errno 8] nodename nor servname provided, or not known
Failed to Parse Page : u'\xe9'
Failed to Parse Page : u'\u015b'
Problem Fetching URL : ('http protocol error', 0, 'got a bad status line', None)
Failed to Parse Page : u'\xfa'
Failed to Parse Page : u'\u2013'
Failed to Parse Page : 'ascii' codec can't decode byte 0xe2 in position 4: ordinal not in range(128)
Failed to Parse Page : 'ascii' codec can't decode byte 0xc2 in position 0: ordinal not in range(128)
Failed to Parse Page : 'ascii' codec can't decode byte 0xc2 in position 44: ordinal not in range(128)
Failed to Parse Page : 'ascii' codec can't decode byte 0xc2 in position 44: ordinal not in range(128)
Failed to Parse Page : 'ascii' codec can't decode byte 0xe2 in position 0: ordinal not in range(128)
Failed to Parse Page : u'\xf3'
Failed to Parse Page : u'\u2019'
Failed to Parse Page : u'\u2019'
Failed to Parse Page : 'ascii' codec can't decode byte 0xe2 in position 57: ordinal not in range(128)
Failed to Parse Page : u'\u2013'
Failed to Parse Page : 'ascii' codec can't decode byte 0xc3 in position 56: ordinal not in range(128)
Failed to Parse Page : 'ascii' codec can't decode byte 0xc3 in position 21: ordinal not in range(128)
Failed to Parse Page : 'ascii' codec can't decode byte 0xc3 in position 334: ordinal not in range(128)
Failed to Parse Page : 'ascii' codec can't decode byte 0xc3 in position 56: ordinal not in range(128)
Failed to Parse Page : 'ascii' codec can't decode byte 0xc3 in position 21: ordinal not in range(128)
Failed to Parse Page : 'ascii' codec can't decode byte 0xc3 in position 334: ordinal not in range(128)
Failed to Parse Page : 'ascii' codec can't decode byte 0xc2 in position 128: ordinal not in range(128)
Failed to Parse Page : 'ascii' codec can't decode byte 0xc3 in position 52: ordinal not in range(128)
Failed to Parse Page : 'ascii' codec can't decode byte 0xc3 in position 75: ordinal not in range(128)
Failed to Parse Page : 'ascii' codec can't decode byte 0xc3 in position 75: ordinal not in range(128)
Failed to Parse Page : 'ascii' codec can't decode byte 0xc2 in position 37: ordinal not in range(128)
Failed to Parse Page : 'ascii' codec can't decode byte 0xc3 in position 52: ordinal not in range(128)
Failed to Parse Page : 'ascii' codec can't decode byte 0xe2 in position 108: ordinal not in range(128)
Problem Fetching URL : float division by zero
Failed to Parse Page : 'ascii' codec can't decode byte 0xe2 in position 35: ordinal not in range(128)
Failed to Parse Page : 'ascii' codec can't decode byte 0xe2 in position 35: ordinal not in range(128)
Failed to Parse Page : 'ascii' codec can't decode byte 0xe2 in position 0: ordinal not in range(128)
Failed to Parse Page : 'ascii' codec can't decode byte 0xe2 in position 0: ordinal not in range(128)
Failed to Parse Page : 'ascii' codec can't decode byte 0xc3 in position 349: ordinal not in range(128)
Failed to Parse Page : 'ascii' codec can't decode byte 0xe2 in position 97: ordinal not in range(128)
Failed to Parse Page : 'ascii' codec can't decode byte 0xc3 in position 46: ordinal not in range(128)
